<?xml version="1.0" encoding="UTF-8"?>
<testng-results ignored="0" total="1" passed="1" failed="0" skipped="0">
  <reporter-output>
  </reporter-output>
  <suite started-at="2023-04-10T11:38:33 BDT" name="Default suite" finished-at="2023-04-10T11:38:37 BDT" duration-ms="3782">
    <groups>
    </groups>
    <test started-at="2023-04-10T11:38:33 BDT" name="Default test" finished-at="2023-04-10T11:38:37 BDT" duration-ms="3782">
      <class name="testcases.HomePageTest">
        <test-method is-config="true" signature="setDriver()[pri:0, instance:testcases.HomePageTest@55a147cc]" started-at="2023-04-10T11:38:16 BDT" name="setDriver" finished-at="2023-04-10T11:38:33 BDT" duration-ms="17093" status="PASS">
          <reporter-output>
          </reporter-output>
        </test-method> <!-- setDriver -->
        <test-method signature="TestHomePageTitle()[pri:0, instance:testcases.HomePageTest@55a147cc]" started-at="2023-04-10T11:38:33 BDT" name="TestHomePageTitle" finished-at="2023-04-10T11:38:37 BDT" duration-ms="3653" status="PASS">
          <reporter-output>
          </reporter-output>
        </test-method> <!-- TestHomePageTitle -->
        <test-method is-config="true" signature="quitDriver()[pri:0, instance:testcases.HomePageTest@55a147cc]" started-at="2023-04-10T11:38:37 BDT" name="quitDriver" finished-at="2023-04-10T11:38:37 BDT" duration-ms="1" status="PASS">
          <reporter-output>
          </reporter-output>
        </test-method> <!-- quitDriver -->
      </class> <!-- testcases.HomePageTest -->
    </test> <!-- Default test -->
  </suite> <!-- Default suite -->
</testng-results>
